<?xml version="1.0" encoding="UTF-8"?>
<!-- Generated by org.testng.reporters.JUnitXMLReporter -->
<testsuite ignored="0" hostname="DESKTOP-4SJACL6" failures="1" tests="15" name="Test" time="93.011" errors="0" timestamp="2024-10-20T07:26:37 EDT">
  <testcase classname="com.naveenlabsJenkinsJob.PageTests.AccountLoginPageTest" name="ForgotPasswordFunctionality" time="2.102"/>
  <testcase classname="com.naveenlabsJenkinsJob.PageTests.AccountLoginPageTest" name="LoginWithInvalidCredentials" time="0.991">
    <skipped/>
  </testcase> <!-- LoginWithInvalidCredentials -->
  <testcase classname="com.naveenlabsJenkinsJob.PageTests.AccountLoginPageTest" name="LoginWithInvalidCredentials" time="0.96">
    <failure type="java.lang.AssertionError" message="expected [Warning: Your account has exceeded allowed number of login attempts. Please try again in 1 hour.] but found [Warning: No match for E-Mail Address and/or Password.]">
      <![CDATA[java.lang.AssertionError: expected [Warning: Your account has exceeded allowed number of login attempts. Please try again in 1 hour.] but found [Warning: No match for E-Mail Address and/or Password.]
at com.naveenlabsJenkinsJob.PageTests.AccountLoginPageTest.LoginWithInvalidCredentials(AccountLoginPageTest.java:72)
at java.base/java.util.ArrayList.forEach(ArrayList.java:1511)
... Removed 33 stack frames]]>
    </failure>
  </testcase> <!-- LoginWithInvalidCredentials -->
  <testcase classname="com.naveenlabsJenkinsJob.PageTests.AccountLoginPageTest" name="LoginWithInvalidEmailAndValidPassword" time="0.859"/>
  <testcase classname="com.naveenlabsJenkinsJob.PageTests.AccountLoginPageTest" name="LoginWithValidCredentials" time="1.443"/>
  <testcase classname="com.naveenlabsJenkinsJob.PageTests.AccountLoginPageTest" name="LoginWithValidCredentials" time="1.297"/>
  <testcase classname="com.naveenlabsJenkinsJob.PageTests.AccountLoginPageTest" name="LoginWithValidCredentials" time="1.093"/>
  <testcase classname="com.naveenlabsJenkinsJob.PageTests.AccountLoginPageTest" name="LoginWithValidCredentials" time="0.835"/>
  <testcase classname="com.naveenlabsJenkinsJob.PageTests.AccountLoginPageTest" name="LoginWithValidEmailAndInvalidPassword" time="0.906"/>
  <testcase classname="com.naveenlabsJenkinsJob.PageTests.ForgotYourPasswordPageTest" name="ForgotPasswordFunctionalityWithInvalidEmail" time="1.262"/>
  <testcase classname="com.naveenlabsJenkinsJob.PageTests.AddressBookPageTest" name="ValidateAddedAddressBookDelete" time="3.001"/>
  <testcase classname="com.naveenlabsJenkinsJob.PageTests.AddressBookPageTest" name="ValidateAddressBookNewAddress" time="5.232"/>
  <testcase classname="com.naveenlabsJenkinsJob.PageTests.AddressBookPageTest" name="ValidateDefaultAddressBookDelete" time="2.738"/>
  <testcase classname="com.naveenlabsJenkinsJob.PageTests.AddressBookPageTest" name="ValidateEditAddressBookDelete" time="5.615"/>
  <testcase classname="com.naveenlabsJenkinsJob.PageTests.MyAccountPageTest" name="EditAccount" time="3.381"/>
</testsuite> <!-- Test -->
